2024-03-31 17:10:15 [my-first-project] error: uncaughtException: Unexpected token '}'
C:\myNodeProject\blue-sky-master\controllers\authController.js:148
};
^

SyntaxError: Unexpected token '}'
    at internalCompileFunction (node:internal/vm:75:18)
    at wrapSafe (node:internal/modules/cjs/loader:1279:20)
    at Module._compile (node:internal/modules/cjs/loader:1333:27)
    at Module._extensions..js (node:internal/modules/cjs/loader:1427:10)
    at Module.load (node:internal/modules/cjs/loader:1201:32)
    at Module._load (node:internal/modules/cjs/loader:1017:12)
    at Module.require (node:internal/modules/cjs/loader:1229:19)
    at require (node:internal/modules/helpers:177:18)
    at Object.<anonymous> (C:\myNodeProject\blue-sky-master\routes\authRoutes.js:3:29)
    at Module._compile (node:internal/modules/cjs/loader:1369:14) error: {} stack: "C:\\myNodeProject\\blue-sky-master\\controllers\\authController.js:148\n};\n^\n\nSyntaxError: Unexpected token '}'\n    at internalCompileFunction (node:internal/vm:75:18)\n    at wrapSafe (node:internal/modules/cjs/loader:1279:20)\n    at Module._compile (node:internal/modules/cjs/loader:1333:27)\n    at Module._extensions..js (node:internal/modules/cjs/loader:1427:10)\n    at Module.load (node:internal/modules/cjs/loader:1201:32)\n    at Module._load (node:internal/modules/cjs/loader:1017:12)\n    at Module.require (node:internal/modules/cjs/loader:1229:19)\n    at require (node:internal/modules/helpers:177:18)\n    at Object.<anonymous> (C:\\myNodeProject\\blue-sky-master\\routes\\authRoutes.js:3:29)\n    at Module._compile (node:internal/modules/cjs/loader:1369:14)" exception: true date: "Sun Mar 31 2024 17:10:15 GMT+0900 (대한민국 표준시)" process: {"pid":15220,"uid":null,"gid":null,"cwd":"C:\\myNodeProject\\blue-sky-master","execPath":"C:\\node js\\node.exe","version":"v21.0.0","argv":["C:\\node js\\node.exe","C:\\myNodeProject\\blue-sky-master\\app.js"],"memoryUsage":{"rss":70451200,"heapTotal":37900288,"heapUsed":21441608,"external":20611658,"arrayBuffers":18262455}} os: {"loadavg":[0,0,0],"uptime":638232.375} trace: [{"column":18,"file":"node:internal/vm","function":"internalCompileFunction","line":75,"method":null,"native":false},{"column":20,"file":"node:internal/modules/cjs/loader","function":"wrapSafe","line":1279,"method":null,"native":false},{"column":27,"file":"node:internal/modules/cjs/loader","function":"Module._compile","line":1333,"method":"_compile","native":false},{"column":10,"file":"node:internal/modules/cjs/loader","function":"Module._extensions..js","line":1427,"method":".js","native":false},{"column":32,"file":"node:internal/modules/cjs/loader","function":"Module.load","line":1201,"method":"load","native":false},{"column":12,"file":"node:internal/modules/cjs/loader","function":"Module._load","line":1017,"method":"_load","native":false},{"column":19,"file":"node:internal/modules/cjs/loader","function":"Module.require","line":1229,"method":"require","native":false},{"column":18,"file":"node:internal/modules/helpers","function":"require","line":177,"method":null,"native":false},{"column":29,"file":"C:\\myNodeProject\\blue-sky-master\\routes\\authRoutes.js","function":null,"line":3,"method":null,"native":false},{"column":14,"file":"node:internal/modules/cjs/loader","function":"Module._compile","line":1369,"method":"_compile","native":false}]
2024-03-31 17:10:47 [my-first-project] error: uncaughtException: Unexpected token '?'
C:\myNodeProject\blue-sky-master\controllers\authController.js:106
  ?
  ^

SyntaxError: Unexpected token '?'
    at internalCompileFunction (node:internal/vm:75:18)
    at wrapSafe (node:internal/modules/cjs/loader:1279:20)
    at Module._compile (node:internal/modules/cjs/loader:1333:27)
    at Module._extensions..js (node:internal/modules/cjs/loader:1427:10)
    at Module.load (node:internal/modules/cjs/loader:1201:32)
    at Module._load (node:internal/modules/cjs/loader:1017:12)
    at Module.require (node:internal/modules/cjs/loader:1229:19)
    at require (node:internal/modules/helpers:177:18)
    at Object.<anonymous> (C:\myNodeProject\blue-sky-master\routes\authRoutes.js:3:29)
    at Module._compile (node:internal/modules/cjs/loader:1369:14) error: {} stack: "C:\\myNodeProject\\blue-sky-master\\controllers\\authController.js:106\n  ?\n  ^\n\nSyntaxError: Unexpected token '?'\n    at internalCompileFunction (node:internal/vm:75:18)\n    at wrapSafe (node:internal/modules/cjs/loader:1279:20)\n    at Module._compile (node:internal/modules/cjs/loader:1333:27)\n    at Module._extensions..js (node:internal/modules/cjs/loader:1427:10)\n    at Module.load (node:internal/modules/cjs/loader:1201:32)\n    at Module._load (node:internal/modules/cjs/loader:1017:12)\n    at Module.require (node:internal/modules/cjs/loader:1229:19)\n    at require (node:internal/modules/helpers:177:18)\n    at Object.<anonymous> (C:\\myNodeProject\\blue-sky-master\\routes\\authRoutes.js:3:29)\n    at Module._compile (node:internal/modules/cjs/loader:1369:14)" exception: true date: "Sun Mar 31 2024 17:10:47 GMT+0900 (대한민국 표준시)" process: {"pid":14456,"uid":null,"gid":null,"cwd":"C:\\myNodeProject\\blue-sky-master","execPath":"C:\\node js\\node.exe","version":"v21.0.0","argv":["C:\\node js\\node.exe","C:\\myNodeProject\\blue-sky-master\\app.js"],"memoryUsage":{"rss":70434816,"heapTotal":38162432,"heapUsed":21343448,"external":20611658,"arrayBuffers":18262455}} os: {"loadavg":[0,0,0],"uptime":638264.328} trace: [{"column":18,"file":"node:internal/vm","function":"internalCompileFunction","line":75,"method":null,"native":false},{"column":20,"file":"node:internal/modules/cjs/loader","function":"wrapSafe","line":1279,"method":null,"native":false},{"column":27,"file":"node:internal/modules/cjs/loader","function":"Module._compile","line":1333,"method":"_compile","native":false},{"column":10,"file":"node:internal/modules/cjs/loader","function":"Module._extensions..js","line":1427,"method":".js","native":false},{"column":32,"file":"node:internal/modules/cjs/loader","function":"Module.load","line":1201,"method":"load","native":false},{"column":12,"file":"node:internal/modules/cjs/loader","function":"Module._load","line":1017,"method":"_load","native":false},{"column":19,"file":"node:internal/modules/cjs/loader","function":"Module.require","line":1229,"method":"require","native":false},{"column":18,"file":"node:internal/modules/helpers","function":"require","line":177,"method":null,"native":false},{"column":29,"file":"C:\\myNodeProject\\blue-sky-master\\routes\\authRoutes.js","function":null,"line":3,"method":null,"native":false},{"column":14,"file":"node:internal/modules/cjs/loader","function":"Module._compile","line":1369,"method":"_compile","native":false}]
2024-03-31 17:10:52 [my-first-project] error: uncaughtException: Unexpected token '}'
C:\myNodeProject\blue-sky-master\controllers\authController.js:148
};
^

SyntaxError: Unexpected token '}'
    at internalCompileFunction (node:internal/vm:75:18)
    at wrapSafe (node:internal/modules/cjs/loader:1279:20)
    at Module._compile (node:internal/modules/cjs/loader:1333:27)
    at Module._extensions..js (node:internal/modules/cjs/loader:1427:10)
    at Module.load (node:internal/modules/cjs/loader:1201:32)
    at Module._load (node:internal/modules/cjs/loader:1017:12)
    at Module.require (node:internal/modules/cjs/loader:1229:19)
    at require (node:internal/modules/helpers:177:18)
    at Object.<anonymous> (C:\myNodeProject\blue-sky-master\routes\authRoutes.js:3:29)
    at Module._compile (node:internal/modules/cjs/loader:1369:14) error: {} stack: "C:\\myNodeProject\\blue-sky-master\\controllers\\authController.js:148\n};\n^\n\nSyntaxError: Unexpected token '}'\n    at internalCompileFunction (node:internal/vm:75:18)\n    at wrapSafe (node:internal/modules/cjs/loader:1279:20)\n    at Module._compile (node:internal/modules/cjs/loader:1333:27)\n    at Module._extensions..js (node:internal/modules/cjs/loader:1427:10)\n    at Module.load (node:internal/modules/cjs/loader:1201:32)\n    at Module._load (node:internal/modules/cjs/loader:1017:12)\n    at Module.require (node:internal/modules/cjs/loader:1229:19)\n    at require (node:internal/modules/helpers:177:18)\n    at Object.<anonymous> (C:\\myNodeProject\\blue-sky-master\\routes\\authRoutes.js:3:29)\n    at Module._compile (node:internal/modules/cjs/loader:1369:14)" exception: true date: "Sun Mar 31 2024 17:10:52 GMT+0900 (대한민국 표준시)" process: {"pid":12676,"uid":null,"gid":null,"cwd":"C:\\myNodeProject\\blue-sky-master","execPath":"C:\\node js\\node.exe","version":"v21.0.0","argv":["C:\\node js\\node.exe","C:\\myNodeProject\\blue-sky-master\\app.js"],"memoryUsage":{"rss":69382144,"heapTotal":36585472,"heapUsed":23373840,"external":20611658,"arrayBuffers":18262455}} os: {"loadavg":[0,0,0],"uptime":638269.859} trace: [{"column":18,"file":"node:internal/vm","function":"internalCompileFunction","line":75,"method":null,"native":false},{"column":20,"file":"node:internal/modules/cjs/loader","function":"wrapSafe","line":1279,"method":null,"native":false},{"column":27,"file":"node:internal/modules/cjs/loader","function":"Module._compile","line":1333,"method":"_compile","native":false},{"column":10,"file":"node:internal/modules/cjs/loader","function":"Module._extensions..js","line":1427,"method":".js","native":false},{"column":32,"file":"node:internal/modules/cjs/loader","function":"Module.load","line":1201,"method":"load","native":false},{"column":12,"file":"node:internal/modules/cjs/loader","function":"Module._load","line":1017,"method":"_load","native":false},{"column":19,"file":"node:internal/modules/cjs/loader","function":"Module.require","line":1229,"method":"require","native":false},{"column":18,"file":"node:internal/modules/helpers","function":"require","line":177,"method":null,"native":false},{"column":29,"file":"C:\\myNodeProject\\blue-sky-master\\routes\\authRoutes.js","function":null,"line":3,"method":null,"native":false},{"column":14,"file":"node:internal/modules/cjs/loader","function":"Module._compile","line":1369,"method":"_compile","native":false}]
2024-03-31 17:10:56 [my-first-project] error: uncaughtException: Unexpected token '?'
C:\myNodeProject\blue-sky-master\controllers\authController.js:106
  ?
  ^

SyntaxError: Unexpected token '?'
    at internalCompileFunction (node:internal/vm:75:18)
    at wrapSafe (node:internal/modules/cjs/loader:1279:20)
    at Module._compile (node:internal/modules/cjs/loader:1333:27)
    at Module._extensions..js (node:internal/modules/cjs/loader:1427:10)
    at Module.load (node:internal/modules/cjs/loader:1201:32)
    at Module._load (node:internal/modules/cjs/loader:1017:12)
    at Module.require (node:internal/modules/cjs/loader:1229:19)
    at require (node:internal/modules/helpers:177:18)
    at Object.<anonymous> (C:\myNodeProject\blue-sky-master\routes\authRoutes.js:3:29)
    at Module._compile (node:internal/modules/cjs/loader:1369:14) error: {} stack: "C:\\myNodeProject\\blue-sky-master\\controllers\\authController.js:106\n  ?\n  ^\n\nSyntaxError: Unexpected token '?'\n    at internalCompileFunction (node:internal/vm:75:18)\n    at wrapSafe (node:internal/modules/cjs/loader:1279:20)\n    at Module._compile (node:internal/modules/cjs/loader:1333:27)\n    at Module._extensions..js (node:internal/modules/cjs/loader:1427:10)\n    at Module.load (node:internal/modules/cjs/loader:1201:32)\n    at Module._load (node:internal/modules/cjs/loader:1017:12)\n    at Module.require (node:internal/modules/cjs/loader:1229:19)\n    at require (node:internal/modules/helpers:177:18)\n    at Object.<anonymous> (C:\\myNodeProject\\blue-sky-master\\routes\\authRoutes.js:3:29)\n    at Module._compile (node:internal/modules/cjs/loader:1369:14)" exception: true date: "Sun Mar 31 2024 17:10:56 GMT+0900 (대한민국 표준시)" process: {"pid":17356,"uid":null,"gid":null,"cwd":"C:\\myNodeProject\\blue-sky-master","execPath":"C:\\node js\\node.exe","version":"v21.0.0","argv":["C:\\node js\\node.exe","C:\\myNodeProject\\blue-sky-master\\app.js"],"memoryUsage":{"rss":69959680,"heapTotal":36847616,"heapUsed":21880064,"external":20611658,"arrayBuffers":18262455}} os: {"loadavg":[0,0,0],"uptime":638273.859} trace: [{"column":18,"file":"node:internal/vm","function":"internalCompileFunction","line":75,"method":null,"native":false},{"column":20,"file":"node:internal/modules/cjs/loader","function":"wrapSafe","line":1279,"method":null,"native":false},{"column":27,"file":"node:internal/modules/cjs/loader","function":"Module._compile","line":1333,"method":"_compile","native":false},{"column":10,"file":"node:internal/modules/cjs/loader","function":"Module._extensions..js","line":1427,"method":".js","native":false},{"column":32,"file":"node:internal/modules/cjs/loader","function":"Module.load","line":1201,"method":"load","native":false},{"column":12,"file":"node:internal/modules/cjs/loader","function":"Module._load","line":1017,"method":"_load","native":false},{"column":19,"file":"node:internal/modules/cjs/loader","function":"Module.require","line":1229,"method":"require","native":false},{"column":18,"file":"node:internal/modules/helpers","function":"require","line":177,"method":null,"native":false},{"column":29,"file":"C:\\myNodeProject\\blue-sky-master\\routes\\authRoutes.js","function":null,"line":3,"method":null,"native":false},{"column":14,"file":"node:internal/modules/cjs/loader","function":"Module._compile","line":1369,"method":"_compile","native":false}]
2024-03-31 17:11:03 [my-first-project] error: uncaughtException: Unexpected token '}'
C:\myNodeProject\blue-sky-master\controllers\authController.js:148
};
^

SyntaxError: Unexpected token '}'
    at internalCompileFunction (node:internal/vm:75:18)
    at wrapSafe (node:internal/modules/cjs/loader:1279:20)
    at Module._compile (node:internal/modules/cjs/loader:1333:27)
    at Module._extensions..js (node:internal/modules/cjs/loader:1427:10)
    at Module.load (node:internal/modules/cjs/loader:1201:32)
    at Module._load (node:internal/modules/cjs/loader:1017:12)
    at Module.require (node:internal/modules/cjs/loader:1229:19)
    at require (node:internal/modules/helpers:177:18)
    at Object.<anonymous> (C:\myNodeProject\blue-sky-master\routes\authRoutes.js:3:29)
    at Module._compile (node:internal/modules/cjs/loader:1369:14) error: {} stack: "C:\\myNodeProject\\blue-sky-master\\controllers\\authController.js:148\n};\n^\n\nSyntaxError: Unexpected token '}'\n    at internalCompileFunction (node:internal/vm:75:18)\n    at wrapSafe (node:internal/modules/cjs/loader:1279:20)\n    at Module._compile (node:internal/modules/cjs/loader:1333:27)\n    at Module._extensions..js (node:internal/modules/cjs/loader:1427:10)\n    at Module.load (node:internal/modules/cjs/loader:1201:32)\n    at Module._load (node:internal/modules/cjs/loader:1017:12)\n    at Module.require (node:internal/modules/cjs/loader:1229:19)\n    at require (node:internal/modules/helpers:177:18)\n    at Object.<anonymous> (C:\\myNodeProject\\blue-sky-master\\routes\\authRoutes.js:3:29)\n    at Module._compile (node:internal/modules/cjs/loader:1369:14)" exception: true date: "Sun Mar 31 2024 17:11:03 GMT+0900 (대한민국 표준시)" process: {"pid":9756,"uid":null,"gid":null,"cwd":"C:\\myNodeProject\\blue-sky-master","execPath":"C:\\node js\\node.exe","version":"v21.0.0","argv":["C:\\node js\\node.exe","C:\\myNodeProject\\blue-sky-master\\app.js"],"memoryUsage":{"rss":70008832,"heapTotal":37371904,"heapUsed":22003824,"external":20611658,"arrayBuffers":18262455}} os: {"loadavg":[0,0,0],"uptime":638280.14} trace: [{"column":18,"file":"node:internal/vm","function":"internalCompileFunction","line":75,"method":null,"native":false},{"column":20,"file":"node:internal/modules/cjs/loader","function":"wrapSafe","line":1279,"method":null,"native":false},{"column":27,"file":"node:internal/modules/cjs/loader","function":"Module._compile","line":1333,"method":"_compile","native":false},{"column":10,"file":"node:internal/modules/cjs/loader","function":"Module._extensions..js","line":1427,"method":".js","native":false},{"column":32,"file":"node:internal/modules/cjs/loader","function":"Module.load","line":1201,"method":"load","native":false},{"column":12,"file":"node:internal/modules/cjs/loader","function":"Module._load","line":1017,"method":"_load","native":false},{"column":19,"file":"node:internal/modules/cjs/loader","function":"Module.require","line":1229,"method":"require","native":false},{"column":18,"file":"node:internal/modules/helpers","function":"require","line":177,"method":null,"native":false},{"column":29,"file":"C:\\myNodeProject\\blue-sky-master\\routes\\authRoutes.js","function":null,"line":3,"method":null,"native":false},{"column":14,"file":"node:internal/modules/cjs/loader","function":"Module._compile","line":1369,"method":"_compile","native":false}]
2024-03-31 17:11:12 [my-first-project] error: uncaughtException: Unexpected token ';'
C:\myNodeProject\blue-sky-master\controllers\authController.js:148
};
 ^

SyntaxError: Unexpected token ';'
    at internalCompileFunction (node:internal/vm:75:18)
    at wrapSafe (node:internal/modules/cjs/loader:1279:20)
    at Module._compile (node:internal/modules/cjs/loader:1333:27)
    at Module._extensions..js (node:internal/modules/cjs/loader:1427:10)
    at Module.load (node:internal/modules/cjs/loader:1201:32)
    at Module._load (node:internal/modules/cjs/loader:1017:12)
    at Module.require (node:internal/modules/cjs/loader:1229:19)
    at require (node:internal/modules/helpers:177:18)
    at Object.<anonymous> (C:\myNodeProject\blue-sky-master\routes\authRoutes.js:3:29)
    at Module._compile (node:internal/modules/cjs/loader:1369:14) error: {} stack: "C:\\myNodeProject\\blue-sky-master\\controllers\\authController.js:148\n};\n ^\n\nSyntaxError: Unexpected token ';'\n    at internalCompileFunction (node:internal/vm:75:18)\n    at wrapSafe (node:internal/modules/cjs/loader:1279:20)\n    at Module._compile (node:internal/modules/cjs/loader:1333:27)\n    at Module._extensions..js (node:internal/modules/cjs/loader:1427:10)\n    at Module.load (node:internal/modules/cjs/loader:1201:32)\n    at Module._load (node:internal/modules/cjs/loader:1017:12)\n    at Module.require (node:internal/modules/cjs/loader:1229:19)\n    at require (node:internal/modules/helpers:177:18)\n    at Object.<anonymous> (C:\\myNodeProject\\blue-sky-master\\routes\\authRoutes.js:3:29)\n    at Module._compile (node:internal/modules/cjs/loader:1369:14)" exception: true date: "Sun Mar 31 2024 17:11:12 GMT+0900 (대한민국 표준시)" process: {"pid":5856,"uid":null,"gid":null,"cwd":"C:\\myNodeProject\\blue-sky-master","execPath":"C:\\node js\\node.exe","version":"v21.0.0","argv":["C:\\node js\\node.exe","C:\\myNodeProject\\blue-sky-master\\app.js"],"memoryUsage":{"rss":69398528,"heapTotal":36847616,"heapUsed":22314904,"external":20611658,"arrayBuffers":18262455}} os: {"loadavg":[0,0,0],"uptime":638289.562} trace: [{"column":18,"file":"node:internal/vm","function":"internalCompileFunction","line":75,"method":null,"native":false},{"column":20,"file":"node:internal/modules/cjs/loader","function":"wrapSafe","line":1279,"method":null,"native":false},{"column":27,"file":"node:internal/modules/cjs/loader","function":"Module._compile","line":1333,"method":"_compile","native":false},{"column":10,"file":"node:internal/modules/cjs/loader","function":"Module._extensions..js","line":1427,"method":".js","native":false},{"column":32,"file":"node:internal/modules/cjs/loader","function":"Module.load","line":1201,"method":"load","native":false},{"column":12,"file":"node:internal/modules/cjs/loader","function":"Module._load","line":1017,"method":"_load","native":false},{"column":19,"file":"node:internal/modules/cjs/loader","function":"Module.require","line":1229,"method":"require","native":false},{"column":18,"file":"node:internal/modules/helpers","function":"require","line":177,"method":null,"native":false},{"column":29,"file":"C:\\myNodeProject\\blue-sky-master\\routes\\authRoutes.js","function":null,"line":3,"method":null,"native":false},{"column":14,"file":"node:internal/modules/cjs/loader","function":"Module._compile","line":1369,"method":"_compile","native":false}]
2024-03-31 17:12:14 [my-first-project] error: uncaughtException: Unexpected token ';'
C:\myNodeProject\blue-sky-master\controllers\authController.js:148
};
 ^

SyntaxError: Unexpected token ';'
    at internalCompileFunction (node:internal/vm:75:18)
    at wrapSafe (node:internal/modules/cjs/loader:1279:20)
    at Module._compile (node:internal/modules/cjs/loader:1333:27)
    at Module._extensions..js (node:internal/modules/cjs/loader:1427:10)
    at Module.load (node:internal/modules/cjs/loader:1201:32)
    at Module._load (node:internal/modules/cjs/loader:1017:12)
    at Module.require (node:internal/modules/cjs/loader:1229:19)
    at require (node:internal/modules/helpers:177:18)
    at Object.<anonymous> (C:\myNodeProject\blue-sky-master\routes\authRoutes.js:3:29)
    at Module._compile (node:internal/modules/cjs/loader:1369:14) error: {} stack: "C:\\myNodeProject\\blue-sky-master\\controllers\\authController.js:148\n};\n ^\n\nSyntaxError: Unexpected token ';'\n    at internalCompileFunction (node:internal/vm:75:18)\n    at wrapSafe (node:internal/modules/cjs/loader:1279:20)\n    at Module._compile (node:internal/modules/cjs/loader:1333:27)\n    at Module._extensions..js (node:internal/modules/cjs/loader:1427:10)\n    at Module.load (node:internal/modules/cjs/loader:1201:32)\n    at Module._load (node:internal/modules/cjs/loader:1017:12)\n    at Module.require (node:internal/modules/cjs/loader:1229:19)\n    at require (node:internal/modules/helpers:177:18)\n    at Object.<anonymous> (C:\\myNodeProject\\blue-sky-master\\routes\\authRoutes.js:3:29)\n    at Module._compile (node:internal/modules/cjs/loader:1369:14)" exception: true date: "Sun Mar 31 2024 17:12:14 GMT+0900 (대한민국 표준시)" process: {"pid":13984,"uid":null,"gid":null,"cwd":"C:\\myNodeProject\\blue-sky-master","execPath":"C:\\node js\\node.exe","version":"v21.0.0","argv":["C:\\node js\\node.exe","C:\\myNodeProject\\blue-sky-master\\app.js"],"memoryUsage":{"rss":69955584,"heapTotal":36323328,"heapUsed":22877008,"external":20611658,"arrayBuffers":18262455}} os: {"loadavg":[0,0,0],"uptime":638351.859} trace: [{"column":18,"file":"node:internal/vm","function":"internalCompileFunction","line":75,"method":null,"native":false},{"column":20,"file":"node:internal/modules/cjs/loader","function":"wrapSafe","line":1279,"method":null,"native":false},{"column":27,"file":"node:internal/modules/cjs/loader","function":"Module._compile","line":1333,"method":"_compile","native":false},{"column":10,"file":"node:internal/modules/cjs/loader","function":"Module._extensions..js","line":1427,"method":".js","native":false},{"column":32,"file":"node:internal/modules/cjs/loader","function":"Module.load","line":1201,"method":"load","native":false},{"column":12,"file":"node:internal/modules/cjs/loader","function":"Module._load","line":1017,"method":"_load","native":false},{"column":19,"file":"node:internal/modules/cjs/loader","function":"Module.require","line":1229,"method":"require","native":false},{"column":18,"file":"node:internal/modules/helpers","function":"require","line":177,"method":null,"native":false},{"column":29,"file":"C:\\myNodeProject\\blue-sky-master\\routes\\authRoutes.js","function":null,"line":3,"method":null,"native":false},{"column":14,"file":"node:internal/modules/cjs/loader","function":"Module._compile","line":1369,"method":"_compile","native":false}]
2024-03-31 17:12:24 [my-first-project] error: uncaughtException: Unexpected token ';'
C:\myNodeProject\blue-sky-master\controllers\authController.js:148
};
 ^

SyntaxError: Unexpected token ';'
    at internalCompileFunction (node:internal/vm:75:18)
    at wrapSafe (node:internal/modules/cjs/loader:1279:20)
    at Module._compile (node:internal/modules/cjs/loader:1333:27)
    at Module._extensions..js (node:internal/modules/cjs/loader:1427:10)
    at Module.load (node:internal/modules/cjs/loader:1201:32)
    at Module._load (node:internal/modules/cjs/loader:1017:12)
    at Module.require (node:internal/modules/cjs/loader:1229:19)
    at require (node:internal/modules/helpers:177:18)
    at Object.<anonymous> (C:\myNodeProject\blue-sky-master\routes\authRoutes.js:3:29)
    at Module._compile (node:internal/modules/cjs/loader:1369:14) error: {} stack: "C:\\myNodeProject\\blue-sky-master\\controllers\\authController.js:148\n};\n ^\n\nSyntaxError: Unexpected token ';'\n    at internalCompileFunction (node:internal/vm:75:18)\n    at wrapSafe (node:internal/modules/cjs/loader:1279:20)\n    at Module._compile (node:internal/modules/cjs/loader:1333:27)\n    at Module._extensions..js (node:internal/modules/cjs/loader:1427:10)\n    at Module.load (node:internal/modules/cjs/loader:1201:32)\n    at Module._load (node:internal/modules/cjs/loader:1017:12)\n    at Module.require (node:internal/modules/cjs/loader:1229:19)\n    at require (node:internal/modules/helpers:177:18)\n    at Object.<anonymous> (C:\\myNodeProject\\blue-sky-master\\routes\\authRoutes.js:3:29)\n    at Module._compile (node:internal/modules/cjs/loader:1369:14)" exception: true date: "Sun Mar 31 2024 17:12:24 GMT+0900 (대한민국 표준시)" process: {"pid":16088,"uid":null,"gid":null,"cwd":"C:\\myNodeProject\\blue-sky-master","execPath":"C:\\node js\\node.exe","version":"v21.0.0","argv":["C:\\node js\\node.exe","C:\\myNodeProject\\blue-sky-master\\app.js"],"memoryUsage":{"rss":69771264,"heapTotal":37109760,"heapUsed":21993240,"external":20611658,"arrayBuffers":18262455}} os: {"loadavg":[0,0,0],"uptime":638361.984} trace: [{"column":18,"file":"node:internal/vm","function":"internalCompileFunction","line":75,"method":null,"native":false},{"column":20,"file":"node:internal/modules/cjs/loader","function":"wrapSafe","line":1279,"method":null,"native":false},{"column":27,"file":"node:internal/modules/cjs/loader","function":"Module._compile","line":1333,"method":"_compile","native":false},{"column":10,"file":"node:internal/modules/cjs/loader","function":"Module._extensions..js","line":1427,"method":".js","native":false},{"column":32,"file":"node:internal/modules/cjs/loader","function":"Module.load","line":1201,"method":"load","native":false},{"column":12,"file":"node:internal/modules/cjs/loader","function":"Module._load","line":1017,"method":"_load","native":false},{"column":19,"file":"node:internal/modules/cjs/loader","function":"Module.require","line":1229,"method":"require","native":false},{"column":18,"file":"node:internal/modules/helpers","function":"require","line":177,"method":null,"native":false},{"column":29,"file":"C:\\myNodeProject\\blue-sky-master\\routes\\authRoutes.js","function":null,"line":3,"method":null,"native":false},{"column":14,"file":"node:internal/modules/cjs/loader","function":"Module._compile","line":1369,"method":"_compile","native":false}]
2024-03-31 17:12:28 [my-first-project] error: uncaughtException: Unexpected token ';'
C:\myNodeProject\blue-sky-master\controllers\authController.js:148
};
 ^

SyntaxError: Unexpected token ';'
    at internalCompileFunction (node:internal/vm:75:18)
    at wrapSafe (node:internal/modules/cjs/loader:1279:20)
    at Module._compile (node:internal/modules/cjs/loader:1333:27)
    at Module._extensions..js (node:internal/modules/cjs/loader:1427:10)
    at Module.load (node:internal/modules/cjs/loader:1201:32)
    at Module._load (node:internal/modules/cjs/loader:1017:12)
    at Module.require (node:internal/modules/cjs/loader:1229:19)
    at require (node:internal/modules/helpers:177:18)
    at Object.<anonymous> (C:\myNodeProject\blue-sky-master\routes\authRoutes.js:3:29)
    at Module._compile (node:internal/modules/cjs/loader:1369:14) error: {} stack: "C:\\myNodeProject\\blue-sky-master\\controllers\\authController.js:148\n};\n ^\n\nSyntaxError: Unexpected token ';'\n    at internalCompileFunction (node:internal/vm:75:18)\n    at wrapSafe (node:internal/modules/cjs/loader:1279:20)\n    at Module._compile (node:internal/modules/cjs/loader:1333:27)\n    at Module._extensions..js (node:internal/modules/cjs/loader:1427:10)\n    at Module.load (node:internal/modules/cjs/loader:1201:32)\n    at Module._load (node:internal/modules/cjs/loader:1017:12)\n    at Module.require (node:internal/modules/cjs/loader:1229:19)\n    at require (node:internal/modules/helpers:177:18)\n    at Object.<anonymous> (C:\\myNodeProject\\blue-sky-master\\routes\\authRoutes.js:3:29)\n    at Module._compile (node:internal/modules/cjs/loader:1369:14)" exception: true date: "Sun Mar 31 2024 17:12:28 GMT+0900 (대한민국 표준시)" process: {"pid":15680,"uid":null,"gid":null,"cwd":"C:\\myNodeProject\\blue-sky-master","execPath":"C:\\node js\\node.exe","version":"v21.0.0","argv":["C:\\node js\\node.exe","C:\\myNodeProject\\blue-sky-master\\app.js"],"memoryUsage":{"rss":69984256,"heapTotal":37109760,"heapUsed":22190408,"external":20611658,"arrayBuffers":18262455}} os: {"loadavg":[0,0,0],"uptime":638365.5} trace: [{"column":18,"file":"node:internal/vm","function":"internalCompileFunction","line":75,"method":null,"native":false},{"column":20,"file":"node:internal/modules/cjs/loader","function":"wrapSafe","line":1279,"method":null,"native":false},{"column":27,"file":"node:internal/modules/cjs/loader","function":"Module._compile","line":1333,"method":"_compile","native":false},{"column":10,"file":"node:internal/modules/cjs/loader","function":"Module._extensions..js","line":1427,"method":".js","native":false},{"column":32,"file":"node:internal/modules/cjs/loader","function":"Module.load","line":1201,"method":"load","native":false},{"column":12,"file":"node:internal/modules/cjs/loader","function":"Module._load","line":1017,"method":"_load","native":false},{"column":19,"file":"node:internal/modules/cjs/loader","function":"Module.require","line":1229,"method":"require","native":false},{"column":18,"file":"node:internal/modules/helpers","function":"require","line":177,"method":null,"native":false},{"column":29,"file":"C:\\myNodeProject\\blue-sky-master\\routes\\authRoutes.js","function":null,"line":3,"method":null,"native":false},{"column":14,"file":"node:internal/modules/cjs/loader","function":"Module._compile","line":1369,"method":"_compile","native":false}]
2024-03-31 17:12:35 [my-first-project] error: uncaughtException: Unexpected token ';'
C:\myNodeProject\blue-sky-master\controllers\authController.js:148
};
 ^

SyntaxError: Unexpected token ';'
    at internalCompileFunction (node:internal/vm:75:18)
    at wrapSafe (node:internal/modules/cjs/loader:1279:20)
    at Module._compile (node:internal/modules/cjs/loader:1333:27)
    at Module._extensions..js (node:internal/modules/cjs/loader:1427:10)
    at Module.load (node:internal/modules/cjs/loader:1201:32)
    at Module._load (node:internal/modules/cjs/loader:1017:12)
    at Module.require (node:internal/modules/cjs/loader:1229:19)
    at require (node:internal/modules/helpers:177:18)
    at Object.<anonymous> (C:\myNodeProject\blue-sky-master\routes\authRoutes.js:3:29)
    at Module._compile (node:internal/modules/cjs/loader:1369:14) error: {} stack: "C:\\myNodeProject\\blue-sky-master\\controllers\\authController.js:148\n};\n ^\n\nSyntaxError: Unexpected token ';'\n    at internalCompileFunction (node:internal/vm:75:18)\n    at wrapSafe (node:internal/modules/cjs/loader:1279:20)\n    at Module._compile (node:internal/modules/cjs/loader:1333:27)\n    at Module._extensions..js (node:internal/modules/cjs/loader:1427:10)\n    at Module.load (node:internal/modules/cjs/loader:1201:32)\n    at Module._load (node:internal/modules/cjs/loader:1017:12)\n    at Module.require (node:internal/modules/cjs/loader:1229:19)\n    at require (node:internal/modules/helpers:177:18)\n    at Object.<anonymous> (C:\\myNodeProject\\blue-sky-master\\routes\\authRoutes.js:3:29)\n    at Module._compile (node:internal/modules/cjs/loader:1369:14)" exception: true date: "Sun Mar 31 2024 17:12:35 GMT+0900 (대한민국 표준시)" process: {"pid":5320,"uid":null,"gid":null,"cwd":"C:\\myNodeProject\\blue-sky-master","execPath":"C:\\node js\\node.exe","version":"v21.0.0","argv":["C:\\node js\\node.exe","C:\\myNodeProject\\blue-sky-master\\app.js"],"memoryUsage":{"rss":70189056,"heapTotal":36847616,"heapUsed":21956824,"external":20611658,"arrayBuffers":18262455}} os: {"loadavg":[0,0,0],"uptime":638373} trace: [{"column":18,"file":"node:internal/vm","function":"internalCompileFunction","line":75,"method":null,"native":false},{"column":20,"file":"node:internal/modules/cjs/loader","function":"wrapSafe","line":1279,"method":null,"native":false},{"column":27,"file":"node:internal/modules/cjs/loader","function":"Module._compile","line":1333,"method":"_compile","native":false},{"column":10,"file":"node:internal/modules/cjs/loader","function":"Module._extensions..js","line":1427,"method":".js","native":false},{"column":32,"file":"node:internal/modules/cjs/loader","function":"Module.load","line":1201,"method":"load","native":false},{"column":12,"file":"node:internal/modules/cjs/loader","function":"Module._load","line":1017,"method":"_load","native":false},{"column":19,"file":"node:internal/modules/cjs/loader","function":"Module.require","line":1229,"method":"require","native":false},{"column":18,"file":"node:internal/modules/helpers","function":"require","line":177,"method":null,"native":false},{"column":29,"file":"C:\\myNodeProject\\blue-sky-master\\routes\\authRoutes.js","function":null,"line":3,"method":null,"native":false},{"column":14,"file":"node:internal/modules/cjs/loader","function":"Module._compile","line":1369,"method":"_compile","native":false}]
2024-03-31 17:13:20 [my-first-project] error: uncaughtException: Unexpected token ';'
C:\myNodeProject\blue-sky-master\controllers\authController.js:148
};
 ^

SyntaxError: Unexpected token ';'
    at internalCompileFunction (node:internal/vm:75:18)
    at wrapSafe (node:internal/modules/cjs/loader:1279:20)
    at Module._compile (node:internal/modules/cjs/loader:1333:27)
    at Module._extensions..js (node:internal/modules/cjs/loader:1427:10)
    at Module.load (node:internal/modules/cjs/loader:1201:32)
    at Module._load (node:internal/modules/cjs/loader:1017:12)
    at Module.require (node:internal/modules/cjs/loader:1229:19)
    at require (node:internal/modules/helpers:177:18)
    at Object.<anonymous> (C:\myNodeProject\blue-sky-master\routes\authRoutes.js:3:29)
    at Module._compile (node:internal/modules/cjs/loader:1369:14) error: {} stack: "C:\\myNodeProject\\blue-sky-master\\controllers\\authController.js:148\n};\n ^\n\nSyntaxError: Unexpected token ';'\n    at internalCompileFunction (node:internal/vm:75:18)\n    at wrapSafe (node:internal/modules/cjs/loader:1279:20)\n    at Module._compile (node:internal/modules/cjs/loader:1333:27)\n    at Module._extensions..js (node:internal/modules/cjs/loader:1427:10)\n    at Module.load (node:internal/modules/cjs/loader:1201:32)\n    at Module._load (node:internal/modules/cjs/loader:1017:12)\n    at Module.require (node:internal/modules/cjs/loader:1229:19)\n    at require (node:internal/modules/helpers:177:18)\n    at Object.<anonymous> (C:\\myNodeProject\\blue-sky-master\\routes\\authRoutes.js:3:29)\n    at Module._compile (node:internal/modules/cjs/loader:1369:14)" exception: true date: "Sun Mar 31 2024 17:13:20 GMT+0900 (대한민국 표준시)" process: {"pid":17192,"uid":null,"gid":null,"cwd":"C:\\myNodeProject\\blue-sky-master","execPath":"C:\\node js\\node.exe","version":"v21.0.0","argv":["C:\\node js\\node.exe","C:\\myNodeProject\\blue-sky-master\\app.js"],"memoryUsage":{"rss":69173248,"heapTotal":36585472,"heapUsed":22841200,"external":20611658,"arrayBuffers":18262455}} os: {"loadavg":[0,0,0],"uptime":638418.031} trace: [{"column":18,"file":"node:internal/vm","function":"internalCompileFunction","line":75,"method":null,"native":false},{"column":20,"file":"node:internal/modules/cjs/loader","function":"wrapSafe","line":1279,"method":null,"native":false},{"column":27,"file":"node:internal/modules/cjs/loader","function":"Module._compile","line":1333,"method":"_compile","native":false},{"column":10,"file":"node:internal/modules/cjs/loader","function":"Module._extensions..js","line":1427,"method":".js","native":false},{"column":32,"file":"node:internal/modules/cjs/loader","function":"Module.load","line":1201,"method":"load","native":false},{"column":12,"file":"node:internal/modules/cjs/loader","function":"Module._load","line":1017,"method":"_load","native":false},{"column":19,"file":"node:internal/modules/cjs/loader","function":"Module.require","line":1229,"method":"require","native":false},{"column":18,"file":"node:internal/modules/helpers","function":"require","line":177,"method":null,"native":false},{"column":29,"file":"C:\\myNodeProject\\blue-sky-master\\routes\\authRoutes.js","function":null,"line":3,"method":null,"native":false},{"column":14,"file":"node:internal/modules/cjs/loader","function":"Module._compile","line":1369,"method":"_compile","native":false}]
2024-03-31 17:13:27 [my-first-project] error: uncaughtException: Unexpected token ';'
C:\myNodeProject\blue-sky-master\controllers\authController.js:148
};
 ^

SyntaxError: Unexpected token ';'
    at internalCompileFunction (node:internal/vm:75:18)
    at wrapSafe (node:internal/modules/cjs/loader:1279:20)
    at Module._compile (node:internal/modules/cjs/loader:1333:27)
    at Module._extensions..js (node:internal/modules/cjs/loader:1427:10)
    at Module.load (node:internal/modules/cjs/loader:1201:32)
    at Module._load (node:internal/modules/cjs/loader:1017:12)
    at Module.require (node:internal/modules/cjs/loader:1229:19)
    at require (node:internal/modules/helpers:177:18)
    at Object.<anonymous> (C:\myNodeProject\blue-sky-master\routes\authRoutes.js:3:29)
    at Module._compile (node:internal/modules/cjs/loader:1369:14) error: {} stack: "C:\\myNodeProject\\blue-sky-master\\controllers\\authController.js:148\n};\n ^\n\nSyntaxError: Unexpected token ';'\n    at internalCompileFunction (node:internal/vm:75:18)\n    at wrapSafe (node:internal/modules/cjs/loader:1279:20)\n    at Module._compile (node:internal/modules/cjs/loader:1333:27)\n    at Module._extensions..js (node:internal/modules/cjs/loader:1427:10)\n    at Module.load (node:internal/modules/cjs/loader:1201:32)\n    at Module._load (node:internal/modules/cjs/loader:1017:12)\n    at Module.require (node:internal/modules/cjs/loader:1229:19)\n    at require (node:internal/modules/helpers:177:18)\n    at Object.<anonymous> (C:\\myNodeProject\\blue-sky-master\\routes\\authRoutes.js:3:29)\n    at Module._compile (node:internal/modules/cjs/loader:1369:14)" exception: true date: "Sun Mar 31 2024 17:13:27 GMT+0900 (대한민국 표준시)" process: {"pid":16800,"uid":null,"gid":null,"cwd":"C:\\myNodeProject\\blue-sky-master","execPath":"C:\\node js\\node.exe","version":"v21.0.0","argv":["C:\\node js\\node.exe","C:\\myNodeProject\\blue-sky-master\\app.js"],"memoryUsage":{"rss":70479872,"heapTotal":37896192,"heapUsed":21048488,"external":20611658,"arrayBuffers":18262455}} os: {"loadavg":[0,0,0],"uptime":638424.359} trace: [{"column":18,"file":"node:internal/vm","function":"internalCompileFunction","line":75,"method":null,"native":false},{"column":20,"file":"node:internal/modules/cjs/loader","function":"wrapSafe","line":1279,"method":null,"native":false},{"column":27,"file":"node:internal/modules/cjs/loader","function":"Module._compile","line":1333,"method":"_compile","native":false},{"column":10,"file":"node:internal/modules/cjs/loader","function":"Module._extensions..js","line":1427,"method":".js","native":false},{"column":32,"file":"node:internal/modules/cjs/loader","function":"Module.load","line":1201,"method":"load","native":false},{"column":12,"file":"node:internal/modules/cjs/loader","function":"Module._load","line":1017,"method":"_load","native":false},{"column":19,"file":"node:internal/modules/cjs/loader","function":"Module.require","line":1229,"method":"require","native":false},{"column":18,"file":"node:internal/modules/helpers","function":"require","line":177,"method":null,"native":false},{"column":29,"file":"C:\\myNodeProject\\blue-sky-master\\routes\\authRoutes.js","function":null,"line":3,"method":null,"native":false},{"column":14,"file":"node:internal/modules/cjs/loader","function":"Module._compile","line":1369,"method":"_compile","native":false}]
2024-03-31 17:14:46 [my-first-project] error: uncaughtException: Unexpected identifier 'module'
C:\myNodeProject\blue-sky-master\controllers\authController.js:150
module.exports = authController;
^^^^^^

SyntaxError: Unexpected identifier 'module'
    at internalCompileFunction (node:internal/vm:75:18)
    at wrapSafe (node:internal/modules/cjs/loader:1279:20)
    at Module._compile (node:internal/modules/cjs/loader:1333:27)
    at Module._extensions..js (node:internal/modules/cjs/loader:1427:10)
    at Module.load (node:internal/modules/cjs/loader:1201:32)
    at Module._load (node:internal/modules/cjs/loader:1017:12)
    at Module.require (node:internal/modules/cjs/loader:1229:19)
    at require (node:internal/modules/helpers:177:18)
    at Object.<anonymous> (C:\myNodeProject\blue-sky-master\routes\authRoutes.js:3:29)
    at Module._compile (node:internal/modules/cjs/loader:1369:14) error: {} stack: "C:\\myNodeProject\\blue-sky-master\\controllers\\authController.js:150\nmodule.exports = authController;\n^^^^^^\n\nSyntaxError: Unexpected identifier 'module'\n    at internalCompileFunction (node:internal/vm:75:18)\n    at wrapSafe (node:internal/modules/cjs/loader:1279:20)\n    at Module._compile (node:internal/modules/cjs/loader:1333:27)\n    at Module._extensions..js (node:internal/modules/cjs/loader:1427:10)\n    at Module.load (node:internal/modules/cjs/loader:1201:32)\n    at Module._load (node:internal/modules/cjs/loader:1017:12)\n    at Module.require (node:internal/modules/cjs/loader:1229:19)\n    at require (node:internal/modules/helpers:177:18)\n    at Object.<anonymous> (C:\\myNodeProject\\blue-sky-master\\routes\\authRoutes.js:3:29)\n    at Module._compile (node:internal/modules/cjs/loader:1369:14)" exception: true date: "Sun Mar 31 2024 17:14:46 GMT+0900 (대한민국 표준시)" process: {"pid":168,"uid":null,"gid":null,"cwd":"C:\\myNodeProject\\blue-sky-master","execPath":"C:\\node js\\node.exe","version":"v21.0.0","argv":["C:\\node js\\node.exe","C:\\myNodeProject\\blue-sky-master\\app.js"],"memoryUsage":{"rss":70647808,"heapTotal":37900288,"heapUsed":21548152,"external":20611658,"arrayBuffers":18262455}} os: {"loadavg":[0,0,0],"uptime":638503.625} trace: [{"column":18,"file":"node:internal/vm","function":"internalCompileFunction","line":75,"method":null,"native":false},{"column":20,"file":"node:internal/modules/cjs/loader","function":"wrapSafe","line":1279,"method":null,"native":false},{"column":27,"file":"node:internal/modules/cjs/loader","function":"Module._compile","line":1333,"method":"_compile","native":false},{"column":10,"file":"node:internal/modules/cjs/loader","function":"Module._extensions..js","line":1427,"method":".js","native":false},{"column":32,"file":"node:internal/modules/cjs/loader","function":"Module.load","line":1201,"method":"load","native":false},{"column":12,"file":"node:internal/modules/cjs/loader","function":"Module._load","line":1017,"method":"_load","native":false},{"column":19,"file":"node:internal/modules/cjs/loader","function":"Module.require","line":1229,"method":"require","native":false},{"column":18,"file":"node:internal/modules/helpers","function":"require","line":177,"method":null,"native":false},{"column":29,"file":"C:\\myNodeProject\\blue-sky-master\\routes\\authRoutes.js","function":null,"line":3,"method":null,"native":false},{"column":14,"file":"node:internal/modules/cjs/loader","function":"Module._compile","line":1369,"method":"_compile","native":false}]
2024-03-31 17:14:58 [my-first-project] error: uncaughtException: Unexpected token ';'
C:\myNodeProject\blue-sky-master\controllers\authController.js:148
};
 ^

SyntaxError: Unexpected token ';'
    at internalCompileFunction (node:internal/vm:75:18)
    at wrapSafe (node:internal/modules/cjs/loader:1279:20)
    at Module._compile (node:internal/modules/cjs/loader:1333:27)
    at Module._extensions..js (node:internal/modules/cjs/loader:1427:10)
    at Module.load (node:internal/modules/cjs/loader:1201:32)
    at Module._load (node:internal/modules/cjs/loader:1017:12)
    at Module.require (node:internal/modules/cjs/loader:1229:19)
    at require (node:internal/modules/helpers:177:18)
    at Object.<anonymous> (C:\myNodeProject\blue-sky-master\routes\authRoutes.js:3:29)
    at Module._compile (node:internal/modules/cjs/loader:1369:14) error: {} stack: "C:\\myNodeProject\\blue-sky-master\\controllers\\authController.js:148\n};\n ^\n\nSyntaxError: Unexpected token ';'\n    at internalCompileFunction (node:internal/vm:75:18)\n    at wrapSafe (node:internal/modules/cjs/loader:1279:20)\n    at Module._compile (node:internal/modules/cjs/loader:1333:27)\n    at Module._extensions..js (node:internal/modules/cjs/loader:1427:10)\n    at Module.load (node:internal/modules/cjs/loader:1201:32)\n    at Module._load (node:internal/modules/cjs/loader:1017:12)\n    at Module.require (node:internal/modules/cjs/loader:1229:19)\n    at require (node:internal/modules/helpers:177:18)\n    at Object.<anonymous> (C:\\myNodeProject\\blue-sky-master\\routes\\authRoutes.js:3:29)\n    at Module._compile (node:internal/modules/cjs/loader:1369:14)" exception: true date: "Sun Mar 31 2024 17:14:58 GMT+0900 (대한민국 표준시)" process: {"pid":14900,"uid":null,"gid":null,"cwd":"C:\\myNodeProject\\blue-sky-master","execPath":"C:\\node js\\node.exe","version":"v21.0.0","argv":["C:\\node js\\node.exe","C:\\myNodeProject\\blue-sky-master\\app.js"],"memoryUsage":{"rss":69812224,"heapTotal":37109760,"heapUsed":21954512,"external":20611658,"arrayBuffers":18262455}} os: {"loadavg":[0,0,0],"uptime":638515.953} trace: [{"column":18,"file":"node:internal/vm","function":"internalCompileFunction","line":75,"method":null,"native":false},{"column":20,"file":"node:internal/modules/cjs/loader","function":"wrapSafe","line":1279,"method":null,"native":false},{"column":27,"file":"node:internal/modules/cjs/loader","function":"Module._compile","line":1333,"method":"_compile","native":false},{"column":10,"file":"node:internal/modules/cjs/loader","function":"Module._extensions..js","line":1427,"method":".js","native":false},{"column":32,"file":"node:internal/modules/cjs/loader","function":"Module.load","line":1201,"method":"load","native":false},{"column":12,"file":"node:internal/modules/cjs/loader","function":"Module._load","line":1017,"method":"_load","native":false},{"column":19,"file":"node:internal/modules/cjs/loader","function":"Module.require","line":1229,"method":"require","native":false},{"column":18,"file":"node:internal/modules/helpers","function":"require","line":177,"method":null,"native":false},{"column":29,"file":"C:\\myNodeProject\\blue-sky-master\\routes\\authRoutes.js","function":null,"line":3,"method":null,"native":false},{"column":14,"file":"node:internal/modules/cjs/loader","function":"Module._compile","line":1369,"method":"_compile","native":false}]
2024-03-31 17:15:02 [my-first-project] error: uncaughtException: Unexpected identifier 'module'
C:\myNodeProject\blue-sky-master\controllers\authController.js:150
module.exports = authController;
^^^^^^

SyntaxError: Unexpected identifier 'module'
    at internalCompileFunction (node:internal/vm:75:18)
    at wrapSafe (node:internal/modules/cjs/loader:1279:20)
    at Module._compile (node:internal/modules/cjs/loader:1333:27)
    at Module._extensions..js (node:internal/modules/cjs/loader:1427:10)
    at Module.load (node:internal/modules/cjs/loader:1201:32)
    at Module._load (node:internal/modules/cjs/loader:1017:12)
    at Module.require (node:internal/modules/cjs/loader:1229:19)
    at require (node:internal/modules/helpers:177:18)
    at Object.<anonymous> (C:\myNodeProject\blue-sky-master\routes\authRoutes.js:3:29)
    at Module._compile (node:internal/modules/cjs/loader:1369:14) error: {} stack: "C:\\myNodeProject\\blue-sky-master\\controllers\\authController.js:150\nmodule.exports = authController;\n^^^^^^\n\nSyntaxError: Unexpected identifier 'module'\n    at internalCompileFunction (node:internal/vm:75:18)\n    at wrapSafe (node:internal/modules/cjs/loader:1279:20)\n    at Module._compile (node:internal/modules/cjs/loader:1333:27)\n    at Module._extensions..js (node:internal/modules/cjs/loader:1427:10)\n    at Module.load (node:internal/modules/cjs/loader:1201:32)\n    at Module._load (node:internal/modules/cjs/loader:1017:12)\n    at Module.require (node:internal/modules/cjs/loader:1229:19)\n    at require (node:internal/modules/helpers:177:18)\n    at Object.<anonymous> (C:\\myNodeProject\\blue-sky-master\\routes\\authRoutes.js:3:29)\n    at Module._compile (node:internal/modules/cjs/loader:1369:14)" exception: true date: "Sun Mar 31 2024 17:15:02 GMT+0900 (대한민국 표준시)" process: {"pid":16716,"uid":null,"gid":null,"cwd":"C:\\myNodeProject\\blue-sky-master","execPath":"C:\\node js\\node.exe","version":"v21.0.0","argv":["C:\\node js\\node.exe","C:\\myNodeProject\\blue-sky-master\\app.js"],"memoryUsage":{"rss":69922816,"heapTotal":37109760,"heapUsed":22075168,"external":20611658,"arrayBuffers":18262455}} os: {"loadavg":[0,0,0],"uptime":638519.328} trace: [{"column":18,"file":"node:internal/vm","function":"internalCompileFunction","line":75,"method":null,"native":false},{"column":20,"file":"node:internal/modules/cjs/loader","function":"wrapSafe","line":1279,"method":null,"native":false},{"column":27,"file":"node:internal/modules/cjs/loader","function":"Module._compile","line":1333,"method":"_compile","native":false},{"column":10,"file":"node:internal/modules/cjs/loader","function":"Module._extensions..js","line":1427,"method":".js","native":false},{"column":32,"file":"node:internal/modules/cjs/loader","function":"Module.load","line":1201,"method":"load","native":false},{"column":12,"file":"node:internal/modules/cjs/loader","function":"Module._load","line":1017,"method":"_load","native":false},{"column":19,"file":"node:internal/modules/cjs/loader","function":"Module.require","line":1229,"method":"require","native":false},{"column":18,"file":"node:internal/modules/helpers","function":"require","line":177,"method":null,"native":false},{"column":29,"file":"C:\\myNodeProject\\blue-sky-master\\routes\\authRoutes.js","function":null,"line":3,"method":null,"native":false},{"column":14,"file":"node:internal/modules/cjs/loader","function":"Module._compile","line":1369,"method":"_compile","native":false}]
2024-03-31 17:15:53 [my-first-project] error: uncaughtException: Unexpected token ')'
C:\myNodeProject\blue-sky-master\controllers\authController.js:148
})
 ^

SyntaxError: Unexpected token ')'
    at internalCompileFunction (node:internal/vm:75:18)
    at wrapSafe (node:internal/modules/cjs/loader:1279:20)
    at Module._compile (node:internal/modules/cjs/loader:1333:27)
    at Module._extensions..js (node:internal/modules/cjs/loader:1427:10)
    at Module.load (node:internal/modules/cjs/loader:1201:32)
    at Module._load (node:internal/modules/cjs/loader:1017:12)
    at Module.require (node:internal/modules/cjs/loader:1229:19)
    at require (node:internal/modules/helpers:177:18)
    at Object.<anonymous> (C:\myNodeProject\blue-sky-master\routes\authRoutes.js:3:29)
    at Module._compile (node:internal/modules/cjs/loader:1369:14) error: {} stack: "C:\\myNodeProject\\blue-sky-master\\controllers\\authController.js:148\n})\n ^\n\nSyntaxError: Unexpected token ')'\n    at internalCompileFunction (node:internal/vm:75:18)\n    at wrapSafe (node:internal/modules/cjs/loader:1279:20)\n    at Module._compile (node:internal/modules/cjs/loader:1333:27)\n    at Module._extensions..js (node:internal/modules/cjs/loader:1427:10)\n    at Module.load (node:internal/modules/cjs/loader:1201:32)\n    at Module._load (node:internal/modules/cjs/loader:1017:12)\n    at Module.require (node:internal/modules/cjs/loader:1229:19)\n    at require (node:internal/modules/helpers:177:18)\n    at Object.<anonymous> (C:\\myNodeProject\\blue-sky-master\\routes\\authRoutes.js:3:29)\n    at Module._compile (node:internal/modules/cjs/loader:1369:14)" exception: true date: "Sun Mar 31 2024 17:15:53 GMT+0900 (대한민국 표준시)" process: {"pid":2888,"uid":null,"gid":null,"cwd":"C:\\myNodeProject\\blue-sky-master","execPath":"C:\\node js\\node.exe","version":"v21.0.0","argv":["C:\\node js\\node.exe","C:\\myNodeProject\\blue-sky-master\\app.js"],"memoryUsage":{"rss":70057984,"heapTotal":36847616,"heapUsed":21972552,"external":20611658,"arrayBuffers":18262455}} os: {"loadavg":[0,0,0],"uptime":638570.687} trace: [{"column":18,"file":"node:internal/vm","function":"internalCompileFunction","line":75,"method":null,"native":false},{"column":20,"file":"node:internal/modules/cjs/loader","function":"wrapSafe","line":1279,"method":null,"native":false},{"column":27,"file":"node:internal/modules/cjs/loader","function":"Module._compile","line":1333,"method":"_compile","native":false},{"column":10,"file":"node:internal/modules/cjs/loader","function":"Module._extensions..js","line":1427,"method":".js","native":false},{"column":32,"file":"node:internal/modules/cjs/loader","function":"Module.load","line":1201,"method":"load","native":false},{"column":12,"file":"node:internal/modules/cjs/loader","function":"Module._load","line":1017,"method":"_load","native":false},{"column":19,"file":"node:internal/modules/cjs/loader","function":"Module.require","line":1229,"method":"require","native":false},{"column":18,"file":"node:internal/modules/helpers","function":"require","line":177,"method":null,"native":false},{"column":29,"file":"C:\\myNodeProject\\blue-sky-master\\routes\\authRoutes.js","function":null,"line":3,"method":null,"native":false},{"column":14,"file":"node:internal/modules/cjs/loader","function":"Module._compile","line":1369,"method":"_compile","native":false}]
2024-03-31 17:15:56 [my-first-project] error: uncaughtException: Unexpected token ')'
C:\myNodeProject\blue-sky-master\controllers\authController.js:148
});
 ^

SyntaxError: Unexpected token ')'
    at internalCompileFunction (node:internal/vm:75:18)
    at wrapSafe (node:internal/modules/cjs/loader:1279:20)
    at Module._compile (node:internal/modules/cjs/loader:1333:27)
    at Module._extensions..js (node:internal/modules/cjs/loader:1427:10)
    at Module.load (node:internal/modules/cjs/loader:1201:32)
    at Module._load (node:internal/modules/cjs/loader:1017:12)
    at Module.require (node:internal/modules/cjs/loader:1229:19)
    at require (node:internal/modules/helpers:177:18)
    at Object.<anonymous> (C:\myNodeProject\blue-sky-master\routes\authRoutes.js:3:29)
    at Module._compile (node:internal/modules/cjs/loader:1369:14) error: {} stack: "C:\\myNodeProject\\blue-sky-master\\controllers\\authController.js:148\n});\n ^\n\nSyntaxError: Unexpected token ')'\n    at internalCompileFunction (node:internal/vm:75:18)\n    at wrapSafe (node:internal/modules/cjs/loader:1279:20)\n    at Module._compile (node:internal/modules/cjs/loader:1333:27)\n    at Module._extensions..js (node:internal/modules/cjs/loader:1427:10)\n    at Module.load (node:internal/modules/cjs/loader:1201:32)\n    at Module._load (node:internal/modules/cjs/loader:1017:12)\n    at Module.require (node:internal/modules/cjs/loader:1229:19)\n    at require (node:internal/modules/helpers:177:18)\n    at Object.<anonymous> (C:\\myNodeProject\\blue-sky-master\\routes\\authRoutes.js:3:29)\n    at Module._compile (node:internal/modules/cjs/loader:1369:14)" exception: true date: "Sun Mar 31 2024 17:15:56 GMT+0900 (대한민국 표준시)" process: {"pid":14284,"uid":null,"gid":null,"cwd":"C:\\myNodeProject\\blue-sky-master","execPath":"C:\\node js\\node.exe","version":"v21.0.0","argv":["C:\\node js\\node.exe","C:\\myNodeProject\\blue-sky-master\\app.js"],"memoryUsage":{"rss":67563520,"heapTotal":36585472,"heapUsed":23461840,"external":20611658,"arrayBuffers":18262455}} os: {"loadavg":[0,0,0],"uptime":638573.39} trace: [{"column":18,"file":"node:internal/vm","function":"internalCompileFunction","line":75,"method":null,"native":false},{"column":20,"file":"node:internal/modules/cjs/loader","function":"wrapSafe","line":1279,"method":null,"native":false},{"column":27,"file":"node:internal/modules/cjs/loader","function":"Module._compile","line":1333,"method":"_compile","native":false},{"column":10,"file":"node:internal/modules/cjs/loader","function":"Module._extensions..js","line":1427,"method":".js","native":false},{"column":32,"file":"node:internal/modules/cjs/loader","function":"Module.load","line":1201,"method":"load","native":false},{"column":12,"file":"node:internal/modules/cjs/loader","function":"Module._load","line":1017,"method":"_load","native":false},{"column":19,"file":"node:internal/modules/cjs/loader","function":"Module.require","line":1229,"method":"require","native":false},{"column":18,"file":"node:internal/modules/helpers","function":"require","line":177,"method":null,"native":false},{"column":29,"file":"C:\\myNodeProject\\blue-sky-master\\routes\\authRoutes.js","function":null,"line":3,"method":null,"native":false},{"column":14,"file":"node:internal/modules/cjs/loader","function":"Module._compile","line":1369,"method":"_compile","native":false}]
2024-03-31 17:17:28 [my-first-project] error: uncaughtException: Unexpected token ';'
C:\myNodeProject\blue-sky-master\controllers\authController.js:148
};
 ^

SyntaxError: Unexpected token ';'
    at internalCompileFunction (node:internal/vm:75:18)
    at wrapSafe (node:internal/modules/cjs/loader:1279:20)
    at Module._compile (node:internal/modules/cjs/loader:1333:27)
    at Module._extensions..js (node:internal/modules/cjs/loader:1427:10)
    at Module.load (node:internal/modules/cjs/loader:1201:32)
    at Module._load (node:internal/modules/cjs/loader:1017:12)
    at Module.require (node:internal/modules/cjs/loader:1229:19)
    at require (node:internal/modules/helpers:177:18)
    at Object.<anonymous> (C:\myNodeProject\blue-sky-master\routes\authRoutes.js:3:29)
    at Module._compile (node:internal/modules/cjs/loader:1369:14) error: {} stack: "C:\\myNodeProject\\blue-sky-master\\controllers\\authController.js:148\n};\n ^\n\nSyntaxError: Unexpected token ';'\n    at internalCompileFunction (node:internal/vm:75:18)\n    at wrapSafe (node:internal/modules/cjs/loader:1279:20)\n    at Module._compile (node:internal/modules/cjs/loader:1333:27)\n    at Module._extensions..js (node:internal/modules/cjs/loader:1427:10)\n    at Module.load (node:internal/modules/cjs/loader:1201:32)\n    at Module._load (node:internal/modules/cjs/loader:1017:12)\n    at Module.require (node:internal/modules/cjs/loader:1229:19)\n    at require (node:internal/modules/helpers:177:18)\n    at Object.<anonymous> (C:\\myNodeProject\\blue-sky-master\\routes\\authRoutes.js:3:29)\n    at Module._compile (node:internal/modules/cjs/loader:1369:14)" exception: true date: "Sun Mar 31 2024 17:17:28 GMT+0900 (대한민국 표준시)" process: {"pid":13668,"uid":null,"gid":null,"cwd":"C:\\myNodeProject\\blue-sky-master","execPath":"C:\\node js\\node.exe","version":"v21.0.0","argv":["C:\\node js\\node.exe","C:\\myNodeProject\\blue-sky-master\\app.js"],"memoryUsage":{"rss":69775360,"heapTotal":37109760,"heapUsed":21956872,"external":20611658,"arrayBuffers":18262455}} os: {"loadavg":[0,0,0],"uptime":638665.734} trace: [{"column":18,"file":"node:internal/vm","function":"internalCompileFunction","line":75,"method":null,"native":false},{"column":20,"file":"node:internal/modules/cjs/loader","function":"wrapSafe","line":1279,"method":null,"native":false},{"column":27,"file":"node:internal/modules/cjs/loader","function":"Module._compile","line":1333,"method":"_compile","native":false},{"column":10,"file":"node:internal/modules/cjs/loader","function":"Module._extensions..js","line":1427,"method":".js","native":false},{"column":32,"file":"node:internal/modules/cjs/loader","function":"Module.load","line":1201,"method":"load","native":false},{"column":12,"file":"node:internal/modules/cjs/loader","function":"Module._load","line":1017,"method":"_load","native":false},{"column":19,"file":"node:internal/modules/cjs/loader","function":"Module.require","line":1229,"method":"require","native":false},{"column":18,"file":"node:internal/modules/helpers","function":"require","line":177,"method":null,"native":false},{"column":29,"file":"C:\\myNodeProject\\blue-sky-master\\routes\\authRoutes.js","function":null,"line":3,"method":null,"native":false},{"column":14,"file":"node:internal/modules/cjs/loader","function":"Module._compile","line":1369,"method":"_compile","native":false}]
2024-03-31 17:24:45 [my-first-project] error: uncaughtException: Unexpected token ';'
C:\myNodeProject\blue-sky-master\controllers\authController.js:152
};
 ^

SyntaxError: Unexpected token ';'
    at internalCompileFunction (node:internal/vm:75:18)
    at wrapSafe (node:internal/modules/cjs/loader:1279:20)
    at Module._compile (node:internal/modules/cjs/loader:1333:27)
    at Module._extensions..js (node:internal/modules/cjs/loader:1427:10)
    at Module.load (node:internal/modules/cjs/loader:1201:32)
    at Module._load (node:internal/modules/cjs/loader:1017:12)
    at Module.require (node:internal/modules/cjs/loader:1229:19)
    at require (node:internal/modules/helpers:177:18)
    at Object.<anonymous> (C:\myNodeProject\blue-sky-master\routes\authRoutes.js:3:29)
    at Module._compile (node:internal/modules/cjs/loader:1369:14) error: {} stack: "C:\\myNodeProject\\blue-sky-master\\controllers\\authController.js:152\n};\n ^\n\nSyntaxError: Unexpected token ';'\n    at internalCompileFunction (node:internal/vm:75:18)\n    at wrapSafe (node:internal/modules/cjs/loader:1279:20)\n    at Module._compile (node:internal/modules/cjs/loader:1333:27)\n    at Module._extensions..js (node:internal/modules/cjs/loader:1427:10)\n    at Module.load (node:internal/modules/cjs/loader:1201:32)\n    at Module._load (node:internal/modules/cjs/loader:1017:12)\n    at Module.require (node:internal/modules/cjs/loader:1229:19)\n    at require (node:internal/modules/helpers:177:18)\n    at Object.<anonymous> (C:\\myNodeProject\\blue-sky-master\\routes\\authRoutes.js:3:29)\n    at Module._compile (node:internal/modules/cjs/loader:1369:14)" exception: true date: "Sun Mar 31 2024 17:24:45 GMT+0900 (대한민국 표준시)" process: {"pid":8872,"uid":null,"gid":null,"cwd":"C:\\myNodeProject\\blue-sky-master","execPath":"C:\\node js\\node.exe","version":"v21.0.0","argv":["C:\\node js\\node.exe","C:\\myNodeProject\\blue-sky-master\\app.js"],"memoryUsage":{"rss":69746688,"heapTotal":36851712,"heapUsed":23232968,"external":20611658,"arrayBuffers":18262455}} os: {"loadavg":[0,0,0],"uptime":639102.265} trace: [{"column":18,"file":"node:internal/vm","function":"internalCompileFunction","line":75,"method":null,"native":false},{"column":20,"file":"node:internal/modules/cjs/loader","function":"wrapSafe","line":1279,"method":null,"native":false},{"column":27,"file":"node:internal/modules/cjs/loader","function":"Module._compile","line":1333,"method":"_compile","native":false},{"column":10,"file":"node:internal/modules/cjs/loader","function":"Module._extensions..js","line":1427,"method":".js","native":false},{"column":32,"file":"node:internal/modules/cjs/loader","function":"Module.load","line":1201,"method":"load","native":false},{"column":12,"file":"node:internal/modules/cjs/loader","function":"Module._load","line":1017,"method":"_load","native":false},{"column":19,"file":"node:internal/modules/cjs/loader","function":"Module.require","line":1229,"method":"require","native":false},{"column":18,"file":"node:internal/modules/helpers","function":"require","line":177,"method":null,"native":false},{"column":29,"file":"C:\\myNodeProject\\blue-sky-master\\routes\\authRoutes.js","function":null,"line":3,"method":null,"native":false},{"column":14,"file":"node:internal/modules/cjs/loader","function":"Module._compile","line":1369,"method":"_compile","native":false}]
2024-03-31 17:25:02 [my-first-project] error: uncaughtException: authController is not defined
ReferenceError: authController is not defined
    at Object.<anonymous> (C:\myNodeProject\blue-sky-master\controllers\authController.js:154:18)
    at Module._compile (node:internal/modules/cjs/loader:1369:14)
    at Module._extensions..js (node:internal/modules/cjs/loader:1427:10)
    at Module.load (node:internal/modules/cjs/loader:1201:32)
    at Module._load (node:internal/modules/cjs/loader:1017:12)
    at Module.require (node:internal/modules/cjs/loader:1229:19)
    at require (node:internal/modules/helpers:177:18)
    at Object.<anonymous> (C:\myNodeProject\blue-sky-master\routes\authRoutes.js:3:29)
    at Module._compile (node:internal/modules/cjs/loader:1369:14)
    at Module._extensions..js (node:internal/modules/cjs/loader:1427:10) error: {} stack: "ReferenceError: authController is not defined\n    at Object.<anonymous> (C:\\myNodeProject\\blue-sky-master\\controllers\\authController.js:154:18)\n    at Module._compile (node:internal/modules/cjs/loader:1369:14)\n    at Module._extensions..js (node:internal/modules/cjs/loader:1427:10)\n    at Module.load (node:internal/modules/cjs/loader:1201:32)\n    at Module._load (node:internal/modules/cjs/loader:1017:12)\n    at Module.require (node:internal/modules/cjs/loader:1229:19)\n    at require (node:internal/modules/helpers:177:18)\n    at Object.<anonymous> (C:\\myNodeProject\\blue-sky-master\\routes\\authRoutes.js:3:29)\n    at Module._compile (node:internal/modules/cjs/loader:1369:14)\n    at Module._extensions..js (node:internal/modules/cjs/loader:1427:10)" exception: true date: "Sun Mar 31 2024 17:25:02 GMT+0900 (대한민국 표준시)" process: {"pid":16064,"uid":null,"gid":null,"cwd":"C:\\myNodeProject\\blue-sky-master","execPath":"C:\\node js\\node.exe","version":"v21.0.0","argv":["C:\\node js\\node.exe","C:\\myNodeProject\\blue-sky-master\\app.js"],"memoryUsage":{"rss":70778880,"heapTotal":37634048,"heapUsed":22005944,"external":20611658,"arrayBuffers":18262455}} os: {"loadavg":[0,0,0],"uptime":639119.437} trace: [{"column":18,"file":"C:\\myNodeProject\\blue-sky-master\\controllers\\authController.js","function":null,"line":154,"method":null,"native":false},{"column":14,"file":"node:internal/modules/cjs/loader","function":"Module._compile","line":1369,"method":"_compile","native":false},{"column":10,"file":"node:internal/modules/cjs/loader","function":"Module._extensions..js","line":1427,"method":".js","native":false},{"column":32,"file":"node:internal/modules/cjs/loader","function":"Module.load","line":1201,"method":"load","native":false},{"column":12,"file":"node:internal/modules/cjs/loader","function":"Module._load","line":1017,"method":"_load","native":false},{"column":19,"file":"node:internal/modules/cjs/loader","function":"Module.require","line":1229,"method":"require","native":false},{"column":18,"file":"node:internal/modules/helpers","function":"require","line":177,"method":null,"native":false},{"column":29,"file":"C:\\myNodeProject\\blue-sky-master\\routes\\authRoutes.js","function":null,"line":3,"method":null,"native":false},{"column":14,"file":"node:internal/modules/cjs/loader","function":"Module._compile","line":1369,"method":"_compile","native":false},{"column":10,"file":"node:internal/modules/cjs/loader","function":"Module._extensions..js","line":1427,"method":".js","native":false}]
