2024-02-23 16:54:08 [Winston 연습 어플리케이션] error: hello everyone
2024-02-23 17:25:31 [Winston 연습 어플리케이션] error: hello everyone
2024-02-23 17:25:37 [Winston 연습 어플리케이션] error: hello everyone
2024-02-23 17:35:19 [Winston 연습 어플리케이션] error: hello 
2024-02-23 17:35:21 [Winston 연습 어플리케이션] error: hello world
2024-02-23 17:35:32 [Winston 연습 어플리케이션] error: hello world!
2024-02-23 17:35:34 [Winston 연습 어플리케이션] error: hello world
2024-02-23 17:35:37 [Winston 연습 어플리케이션] error: hello world!
2024-02-23 17:48:31 [Winston p연습 어플리케이션] error: hello world!
2024-02-23 17:48:35 [Winston practice연습 어플리케이션] error: hello world!
2024-02-23 17:48:38 [Winston practice] error: hello world!
2024-02-23 17:50:38 [Winston practice] error: hello world!
2024-02-23 17:50:41 [Winston practice] error: hello world!
2024-02-23 17:50:44 [Winston practice] error: hello world!
2024-02-23 17:51:21 [Winston practice] error: hello world!
2024-02-23 17:51:31 [Winston practice] error: hello world!
2024-02-23 17:51:35 [Winston practice] error: hello world!
2024-02-23 17:51:58 [Winston practice] error: hello world!
2024-02-23 17:52:18 [Winston practice] error: hello world!
2024-02-23 21:20:21 [Winston practice] error: hello world!
2024-02-23 21:25:17 [Winston practice] error: hello world!
2024-02-23 22:11:46 [Winston practice] error: hello world!
2024-02-23 22:11:51 [Winston practice] error: hello world!
2024-02-23 22:11:52 [Winston practice] error: hello world!
2024-02-23 22:12:04 [Winston practice] error: hello world!
2024-02-23 22:12:12 [Winston practice] error: hello world!
2024-02-23 22:12:14 [Winston practice] error: hello world!
2024-02-23 22:12:20 [Winston practice] error: hello world!
2024-02-23 22:12:23 [Winston practice] error: hello world!
2024-02-23 22:13:19 [Winston practice] error: hello world!
2024-02-23 22:13:27 [Winston practice] error: hello world!
2024-02-23 22:13:33 [Winston practice] error: hello world!
2024-02-23 22:13:35 [Winston practice] error: hello world!
2024-02-23 22:13:53 [Winston practice] error: hello world!
2024-02-23 22:14:11 [Winston practice] error: hello world!
2024-02-23 22:14:22 [Winston practice] error: hello world!
2024-02-23 22:14:37 [Winston practice] error: hello world!
2024-02-23 22:14:42 [Winston practice] error: hello world!
2024-02-23 22:14:46 [Winston practice] error: hello world!
2024-02-23 22:14:50 [Winston practice] error: hello world!
2024-02-23 22:14:54 [Winston practice] error: hello world!
2024-02-23 22:15:00 [Winston practice] error: hello world!
2024-02-23 22:15:06 [Winston practice] error: hello world!
2024-02-23 22:15:10 [Winston practice] error: hello world!
2024-02-23 22:15:20 [Winston practice] error: hello world!
2024-02-23 22:15:28 [Winston practice] error: hello world!
2024-02-23 22:15:30 [Winston practice] error: hello world!
2024-02-23 22:15:53 [Winston practice] error: hello world!
2024-02-23 22:16:03 [Winston practice] error: hello world!
2024-02-23 22:16:13 [Winston practice] error: hello world!
2024-02-23 22:22:40 [Winston practice] error: hello world!
2024-02-23 22:30:03 [Winston practice] error: hello world!
2024-02-23 22:30:26 [Winston practice] error: hello world!
2024-02-23 22:30:41 [Winston practice] error: hello world!
2024-02-23 22:31:39 [Winston practice] error: hello world!
2024-02-23 22:31:41 [Winston practice] error: hello world!
2024-02-23 22:31:46 [Winston practice] error: hello world!
2024-02-23 22:31:47 [Winston practice] error: hello world!
2024-02-23 22:31:59 [Winston practice] error: hello world!
2024-02-23 22:32:01 [Winston practice] error: hello world!
2024-02-23 22:32:32 [Winston practice] error: hello world!
2024-02-23 22:32:34 [Winston practice] error: hello world!
2024-02-23 22:32:40 [Winston practice] error: hello world!
2024-02-23 22:32:42 [Winston practice] error: hello world!
2024-02-23 22:32:49 [Winston practice] error: hello world!
2024-02-23 22:33:58 [Winston practice] error: hello world!
2024-02-23 22:34:00 [Winston practice] error: hello world!
2024-02-23 22:57:47 [Winston practice] error: hello world!
2024-02-23 23:11:59 [Winston practice] error: hello world!
